<?xml version="1.0" encoding="UTF-8"?>
<coverage generated="1619168196183" clover="3.2.0">
  <project timestamp="1619168196183" name="All files">
    <metrics statements="10" coveredstatements="10" conditionals="10" coveredconditionals="10" methods="5" coveredmethods="5" elements="25" coveredelements="25" complexity="0" loc="10" ncloc="10" packages="1" files="2" classes="2"/>
    <file name="get.ts" path="/Users/liurongqing/www/github/seven-seconds/src/string/get.ts">
      <metrics statements="5" coveredstatements="5" conditionals="2" coveredconditionals="2" methods="4" coveredmethods="4"/>
      <line num="16" count="10" type="stmt"/>
      <line num="17" count="2" type="stmt"/>
      <line num="18" count="6" type="stmt"/>
      <line num="20" count="20" type="stmt"/>
      <line num="21" count="16" type="cond" truecount="2" falsecount="0"/>
    </file>
    <file name="replaceLast.ts" path="/Users/liurongqing/www/github/seven-seconds/src/string/replaceLast.ts">
      <metrics statements="5" coveredstatements="5" conditionals="8" coveredconditionals="8" methods="1" coveredmethods="1"/>
      <line num="20" count="1" type="stmt"/>
      <line num="22" count="4" type="stmt"/>
      <line num="25" count="4" type="cond" truecount="2" falsecount="0"/>
      <line num="26" count="3" type="stmt"/>
      <line num="27" count="3" type="stmt"/>
    </file>
  </project>
</coverage>
