{"/Users/liurongqing/www/github/seven-seconds/src/string/get.ts": {"path":"/Users/liurongqing/www/github/seven-seconds/src/string/get.ts","statementMap":{"0":{"start":{"line":16,"column":19},"end":{"line":17,"column":6}},"1":{"start":{"line":16,"column":34},"end":{"line":16,"column":56}},"2":{"start":{"line":17,"column":2},"end":{"line":22,"column":null}},"3":{"start":{"line":18,"column":4},"end":{"line":21,"column":null}},"4":{"start":{"line":20,"column":29},"end":{"line":20,"column":38}},"5":{"start":{"line":21,"column":45},"end":{"line":21,"column":64}},"6":{"start":{"line":16,"column":13},"end":{"line":16,"column":19}}},"fnMap":{"0":{"name":"(anonymous_1)","decl":{"start":{"line":16,"column":19},"end":{"line":16,"column":20}},"loc":{"start":{"line":16,"column":32},"end":{"line":17,"column":6}}},"1":{"name":"(anonymous_2)","decl":{"start":{"line":17,"column":21},"end":{"line":17,"column":22}},"loc":{"start":{"line":17,"column":22},"end":{"line":18,"column":5}}},"2":{"name":"(anonymous_3)","decl":{"start":{"line":20,"column":14},"end":{"line":20,"column":15}},"loc":{"start":{"line":20,"column":24},"end":{"line":20,"column":30}}},"3":{"name":"(anonymous_4)","decl":{"start":{"line":21,"column":14},"end":{"line":21,"column":15}},"loc":{"start":{"line":21,"column":40},"end":{"line":21,"column":49}}}},"branchMap":{"0":{"loc":{"start":{"line":21,"column":45},"end":{"line":21,"column":49}},"type":"binary-expr","locations":[{"start":{"line":21,"column":45},"end":{"line":21,"column":49}},{"start":{"line":21,"column":53},"end":{"line":21,"column":62}}]}},"s":{"0":1,"1":10,"2":2,"3":6,"4":20,"5":16,"6":1},"f":{"0":2,"1":6,"2":20,"3":16},"b":{"0":[16,16]}}
,"/Users/liurongqing/www/github/seven-seconds/src/string/replaceLast.ts": {"path":"/Users/liurongqing/www/github/seven-seconds/src/string/replaceLast.ts","statementMap":{"0":{"start":{"line":20,"column":27},"end":{"line":30,"column":1}},"1":{"start":{"line":22,"column":4},"end":{"line":24,"column":71}},"2":{"start":{"line":25,"column":2},"end":{"line":25,"column":25}},"3":{"start":{"line":25,"column":14},"end":{"line":25,"column":25}},"4":{"start":{"line":26,"column":15},"end":{"line":26,"column":37}},"5":{"start":{"line":27,"column":2},"end":{"line":29,"column":10}},"6":{"start":{"line":20,"column":13},"end":{"line":20,"column":27}}},"fnMap":{"0":{"name":"(anonymous_0)","decl":{"start":{"line":20,"column":27},"end":{"line":20,"column":28}},"loc":{"start":{"line":20,"column":86},"end":{"line":30,"column":1}}}},"branchMap":{"0":{"loc":{"start":{"line":23,"column":8},"end":{"line":23,"column":15}},"type":"cond-expr","locations":[{"start":{"line":23,"column":8},"end":{"line":23,"column":15}},{"start":{"line":24,"column":8},"end":{"line":24,"column":71}}]},"1":{"loc":{"start":{"line":24,"column":9},"end":{"line":24,"column":51}},"type":"binary-expr","locations":[{"start":{"line":24,"column":9},"end":{"line":24,"column":51}},{"start":{"line":24,"column":55},"end":{"line":24,"column":57}}]},"2":{"loc":{"start":{"line":25,"column":2},"end":{"line":25,"column":25}},"type":"if","locations":[{"start":{"line":25,"column":2},"end":{"line":25,"column":25}},{"start":{"line":25,"column":2},"end":{"line":25,"column":25}}]},"3":{"loc":{"start":{"line":28,"column":6},"end":{"line":28,"column":76}},"type":"cond-expr","locations":[{"start":{"line":28,"column":6},"end":{"line":28,"column":76}},{"start":{"line":29,"column":6},"end":{"line":29,"column":9}}]}},"s":{"0":1,"1":4,"2":4,"3":1,"4":3,"5":3,"6":1},"f":{"0":4},"b":{"0":[2,2],"1":[2,1],"2":[1,3],"3":[2,1]}}
}
