{"/Users/liurongqing/www/github/seven-seconds/src/date/formatDuration.ts": {"path":"/Users/liurongqing/www/github/seven-seconds/src/date/formatDuration.ts","statementMap":{"0":{"start":{"line":11,"column":30},"end":{"line":26,"column":1}},"1":{"start":{"line":12,"column":2},"end":{"line":12,"column":null}},"2":{"start":{"line":12,"column":14},"end":{"line":12,"column":null}},"3":{"start":{"line":13,"column":15},"end":{"line":19,"column":null}},"4":{"start":{"line":21,"column":2},"end":{"line":24,"column":null}},"5":{"start":{"line":22,"column":19},"end":{"line":22,"column":32}},"6":{"start":{"line":23,"column":14},"end":{"line":23,"column":16}},"7":{"start":{"line":23,"column":19},"end":{"line":23,"column":20}},"8":{"start":{"line":23,"column":25},"end":{"line":23,"column":64}},"9":{"start":{"line":11,"column":13},"end":{"line":11,"column":30}}},"fnMap":{"0":{"name":"(anonymous_0)","decl":{"start":{"line":11,"column":30},"end":{"line":11,"column":31}},"loc":{"start":{"line":11,"column":41},"end":{"line":26,"column":1}}},"1":{"name":"(anonymous_1)","decl":{"start":{"line":22,"column":12},"end":{"line":22,"column":15}},"loc":{"start":{"line":22,"column":15},"end":{"line":22,"column":22}}},"2":{"name":"(anonymous_2)","decl":{"start":{"line":23,"column":9},"end":{"line":23,"column":10}},"loc":{"start":{"line":23,"column":20},"end":{"line":23,"column":28}}}},"branchMap":{"0":{"loc":{"start":{"line":12,"column":2},"end":{"line":12,"column":null}},"type":"if","locations":[{"start":{"line":12,"column":2},"end":{"line":12,"column":null}},{"start":{"line":12,"column":2},"end":{"line":12,"column":null}}]},"1":{"loc":{"start":{"line":23,"column":53},"end":{"line":23,"column":56}},"type":"cond-expr","locations":[{"start":{"line":23,"column":53},"end":{"line":23,"column":56}},{"start":{"line":23,"column":59},"end":{"line":23,"column":61}}]}},"s":{"0":1,"1":3,"2":1,"3":3,"4":3,"5":15,"6":9,"7":9,"8":9,"9":1},"f":{"0":3,"1":15,"2":9},"b":{"0":[1,2],"1":[5,4]}}
,"/Users/liurongqing/www/github/seven-seconds/src/object/get.ts": {"path":"/Users/liurongqing/www/github/seven-seconds/src/object/get.ts","statementMap":{"0":{"start":{"line":19,"column":19},"end":{"line":20,"column":6}},"1":{"start":{"line":19,"column":34},"end":{"line":19,"column":56}},"2":{"start":{"line":20,"column":2},"end":{"line":25,"column":null}},"3":{"start":{"line":21,"column":4},"end":{"line":24,"column":null}},"4":{"start":{"line":23,"column":29},"end":{"line":23,"column":38}},"5":{"start":{"line":24,"column":45},"end":{"line":24,"column":64}},"6":{"start":{"line":19,"column":13},"end":{"line":19,"column":19}}},"fnMap":{"0":{"name":"(anonymous_1)","decl":{"start":{"line":19,"column":19},"end":{"line":19,"column":20}},"loc":{"start":{"line":19,"column":32},"end":{"line":20,"column":6}}},"1":{"name":"(anonymous_2)","decl":{"start":{"line":20,"column":21},"end":{"line":20,"column":22}},"loc":{"start":{"line":20,"column":22},"end":{"line":21,"column":5}}},"2":{"name":"(anonymous_3)","decl":{"start":{"line":23,"column":14},"end":{"line":23,"column":15}},"loc":{"start":{"line":23,"column":24},"end":{"line":23,"column":30}}},"3":{"name":"(anonymous_4)","decl":{"start":{"line":24,"column":14},"end":{"line":24,"column":15}},"loc":{"start":{"line":24,"column":40},"end":{"line":24,"column":49}}}},"branchMap":{"0":{"loc":{"start":{"line":24,"column":45},"end":{"line":24,"column":49}},"type":"binary-expr","locations":[{"start":{"line":24,"column":45},"end":{"line":24,"column":49}},{"start":{"line":24,"column":53},"end":{"line":24,"column":62}}]}},"s":{"0":1,"1":5,"2":1,"3":3,"4":10,"5":8,"6":1},"f":{"0":1,"1":3,"2":10,"3":8},"b":{"0":[8,8]}}
,"/Users/liurongqing/www/github/seven-seconds/src/string/replaceLast.ts": {"path":"/Users/liurongqing/www/github/seven-seconds/src/string/replaceLast.ts","statementMap":{"0":{"start":{"line":20,"column":27},"end":{"line":30,"column":1}},"1":{"start":{"line":22,"column":4},"end":{"line":24,"column":71}},"2":{"start":{"line":25,"column":2},"end":{"line":25,"column":25}},"3":{"start":{"line":25,"column":14},"end":{"line":25,"column":25}},"4":{"start":{"line":26,"column":15},"end":{"line":26,"column":37}},"5":{"start":{"line":27,"column":2},"end":{"line":29,"column":10}},"6":{"start":{"line":20,"column":13},"end":{"line":20,"column":27}}},"fnMap":{"0":{"name":"(anonymous_0)","decl":{"start":{"line":20,"column":27},"end":{"line":20,"column":28}},"loc":{"start":{"line":20,"column":86},"end":{"line":30,"column":1}}}},"branchMap":{"0":{"loc":{"start":{"line":23,"column":8},"end":{"line":23,"column":15}},"type":"cond-expr","locations":[{"start":{"line":23,"column":8},"end":{"line":23,"column":15}},{"start":{"line":24,"column":8},"end":{"line":24,"column":71}}]},"1":{"loc":{"start":{"line":24,"column":9},"end":{"line":24,"column":51}},"type":"binary-expr","locations":[{"start":{"line":24,"column":9},"end":{"line":24,"column":51}},{"start":{"line":24,"column":55},"end":{"line":24,"column":57}}]},"2":{"loc":{"start":{"line":25,"column":2},"end":{"line":25,"column":25}},"type":"if","locations":[{"start":{"line":25,"column":2},"end":{"line":25,"column":25}},{"start":{"line":25,"column":2},"end":{"line":25,"column":25}}]},"3":{"loc":{"start":{"line":28,"column":6},"end":{"line":28,"column":76}},"type":"cond-expr","locations":[{"start":{"line":28,"column":6},"end":{"line":28,"column":76}},{"start":{"line":29,"column":6},"end":{"line":29,"column":9}}]}},"s":{"0":1,"1":4,"2":4,"3":1,"4":3,"5":3,"6":1},"f":{"0":4},"b":{"0":[2,2],"1":[2,1],"2":[1,3],"3":[2,1]}}
}
