TN:
SF:src/date/formatDuration.ts
FN:14,(anonymous_0)
FN:25,(anonymous_1)
FN:26,(anonymous_2)
FNF:3
FNH:3
FNDA:3,(anonymous_0)
FNDA:15,(anonymous_1)
FNDA:9,(anonymous_2)
DA:14,1
DA:15,3
DA:16,3
DA:24,3
DA:25,15
DA:26,9
LF:6
LH:6
BRDA:15,0,0,1
BRDA:15,0,1,2
BRDA:26,1,0,5
BRDA:26,1,1,4
BRF:4
BRH:4
end_of_record
TN:
SF:src/object/get.ts
FN:21,(anonymous_1)
FN:22,(anonymous_2)
FN:25,(anonymous_3)
FN:26,(anonymous_4)
FNF:4
FNH:4
FNDA:1,(anonymous_1)
FNDA:3,(anonymous_2)
FNDA:10,(anonymous_3)
FNDA:8,(anonymous_4)
DA:21,5
DA:22,1
DA:23,3
DA:25,10
DA:26,8
LF:5
LH:5
BRDA:26,0,0,8
BRDA:26,0,1,8
BRF:2
BRH:2
end_of_record
TN:
SF:src/string/getURLParameters.ts
FN:13,(anonymous_0)
FN:15,(anonymous_1)
FNF:2
FNH:2
FNDA:2,(anonymous_0)
FNDA:2,(anonymous_1)
DA:13,1
DA:14,2
DA:15,2
LF:3
LH:3
BRDA:14,0,0,2
BRDA:14,0,1,1
BRF:2
BRH:2
end_of_record
TN:
SF:src/string/replaceLast.ts
FN:20,(anonymous_0)
FNF:1
FNH:1
FNDA:4,(anonymous_0)
DA:20,1
DA:22,4
DA:25,4
DA:26,3
DA:27,3
LF:5
LH:5
BRDA:23,0,0,2
BRDA:23,0,1,2
BRDA:24,1,0,2
BRDA:24,1,1,1
BRDA:25,2,0,1
BRDA:25,2,1,3
BRDA:28,3,0,2
BRDA:28,3,1,1
BRF:8
BRH:8
end_of_record
