TN:
SF:src/date/formatDuration.ts
FN:11,(anonymous_0)
FN:22,(anonymous_1)
FN:23,(anonymous_2)
FNF:3
FNH:3
FNDA:3,(anonymous_0)
FNDA:15,(anonymous_1)
FNDA:9,(anonymous_2)
DA:11,1
DA:12,3
DA:13,3
DA:21,3
DA:22,15
DA:23,9
LF:6
LH:6
BRDA:12,0,0,1
BRDA:12,0,1,2
BRDA:23,1,0,5
BRDA:23,1,1,4
BRF:4
BRH:4
end_of_record
TN:
SF:src/object/get.ts
FN:19,(anonymous_1)
FN:20,(anonymous_2)
FN:23,(anonymous_3)
FN:24,(anonymous_4)
FNF:4
FNH:4
FNDA:1,(anonymous_1)
FNDA:3,(anonymous_2)
FNDA:10,(anonymous_3)
FNDA:8,(anonymous_4)
DA:19,5
DA:20,1
DA:21,3
DA:23,10
DA:24,8
LF:5
LH:5
BRDA:24,0,0,8
BRDA:24,0,1,8
BRF:2
BRH:2
end_of_record
TN:
SF:src/string/replaceLast.ts
FN:20,(anonymous_0)
FNF:1
FNH:1
FNDA:4,(anonymous_0)
DA:20,1
DA:22,4
DA:25,4
DA:26,3
DA:27,3
LF:5
LH:5
BRDA:23,0,0,2
BRDA:23,0,1,2
BRDA:24,1,0,2
BRDA:24,1,1,1
BRDA:25,2,0,1
BRDA:25,2,1,3
BRDA:28,3,0,2
BRDA:28,3,1,1
BRF:8
BRH:8
end_of_record
